  Source.cpp
c:\users\thomas\desktop\project1_10_24_19\elevator.h(139): warning C4018: '<': signed/unsigned mismatch
c:\users\thomas\desktop\project1_10_24_19\elevator.h(142): warning C4018: '<': signed/unsigned mismatch
c:\users\thomas\desktop\project1_10_24_19\elevator.h(243): warning C4018: '<': signed/unsigned mismatch
c:\users\thomas\desktop\project1_10_24_19\elevator.h(257): warning C4018: '<': signed/unsigned mismatch
c:\users\thomas\desktop\project1_10_24_19\elevator.h(260): warning C4018: '<': signed/unsigned mismatch
c:\users\thomas\desktop\project1_10_24_19\elevator.h(284): warning C4018: '<': signed/unsigned mismatch
c:\users\thomas\desktop\project1_10_24_19\elevator.h(287): warning C4018: '<': signed/unsigned mismatch
c:\users\thomas\desktop\project1_10_24_19\elevator.h(307): warning C4018: '<': signed/unsigned mismatch
c:\users\thomas\desktop\project1_10_24_19\elevator.h(321): warning C4018: '<': signed/unsigned mismatch
c:\users\thomas\desktop\project1_10_24_19\elevator.h(324): warning C4018: '<': signed/unsigned mismatch
c:\users\thomas\desktop\project1_10_24_19\elevator.h(339): warning C4018: '<': signed/unsigned mismatch
c:\users\thomas\desktop\project1_10_24_19\elevator.h(353): warning C4018: '<': signed/unsigned mismatch
c:\users\thomas\desktop\project1_10_24_19\elevator.h(356): warning C4018: '<': signed/unsigned mismatch
c:\users\thomas\desktop\project1_10_24_19\header.h(19): warning C4018: '<': signed/unsigned mismatch
c:\users\thomas\desktop\project1_10_24_19\header.h(62): warning C4244: 'argument': conversion from 'time_t' to 'unsigned int', possible loss of data
c:\users\thomas\desktop\project1_10_24_19\header.h(87): warning C4018: '<': signed/unsigned mismatch
c:\users\thomas\desktop\project1_10_24_19\header.h(90): warning C4018: '<': signed/unsigned mismatch
c:\users\thomas\desktop\project1_10_24_19\header.h(114): warning C4018: '<': signed/unsigned mismatch
c:\users\thomas\desktop\project1_10_24_19\header.h(116): warning C4018: '<': signed/unsigned mismatch
c:\users\thomas\desktop\project1_10_24_19\header.h(146): warning C4018: '<': signed/unsigned mismatch
c:\users\thomas\desktop\project1_10_24_19\header.h(406): warning C4018: '<': signed/unsigned mismatch
c:\users\thomas\desktop\project1_10_24_19\header.h(415): warning C4018: '<': signed/unsigned mismatch
  Project1_303.vcxproj -> C:\Users\Thomas\source\repos\Project1_303\Debug\Project1_303.exe
